<?xml version="1.0" encoding="UTF-8"?>
<testng-results skipped="0" failed="0" ignored="0" total="1" passed="1">
  <reporter-output>
  </reporter-output>
  <suite name="Default suite" duration-ms="18023" started-at="2021-04-15T23:52:25 CDT" finished-at="2021-04-15T23:52:43 CDT">
    <groups>
    </groups>
    <test name="Default test" duration-ms="18023" started-at="2021-04-15T23:52:25 CDT" finished-at="2021-04-15T23:52:43 CDT">
      <class name="com.demo1.ConfigsReader">
        <test-method status="PASS" signature="validationViaLongWay()[pri:0, instance:com.demo1.ConfigsReader@369f73a2]" name="validationViaLongWay" duration-ms="17988" started-at="2021-04-15T23:52:25 CDT" finished-at="2021-04-15T23:52:43 CDT">
          <reporter-output>
          </reporter-output>
        </test-method> <!-- validationViaLongWay -->
      </class> <!-- com.demo1.ConfigsReader -->
    </test> <!-- Default test -->
  </suite> <!-- Default suite -->
</testng-results>
